Mon, 04 May 2015 20:04:56  login_window.py[line:29] INFO Initializing login interface.
Mon, 04 May 2015 20:04:56  login_window.py[line:124] INFO Getting saved account info.
Mon, 04 May 2015 20:07:50  login_window.py[line:29] INFO Initializing login interface.
Mon, 04 May 2015 20:07:50  login_window.py[line:128] INFO Getting saved account info.
Mon, 04 May 2015 20:14:48  login_window.py[line:29] INFO Initializing login interface.
Mon, 04 May 2015 20:14:48  login_window.py[line:139] INFO Getting saved account info.
Mon, 04 May 2015 20:15:15  login_window.py[line:29] INFO Initializing login interface.
Mon, 04 May 2015 20:15:15  login_window.py[line:139] INFO Getting saved account info.
Mon, 04 May 2015 20:17:52  login_window.py[line:29] INFO Initializing login interface.
Mon, 04 May 2015 20:17:52  login_window.py[line:139] INFO Getting saved account info.
Mon, 04 May 2015 20:19:06  login_window.py[line:29] INFO Initializing login interface.
Mon, 04 May 2015 20:19:06  login_window.py[line:140] INFO Getting saved account info.
Mon, 04 May 2015 20:20:50  login_window.py[line:29] INFO Initializing login interface.
Mon, 04 May 2015 20:20:50  login_window.py[line:142] INFO Getting saved account info.
Mon, 04 May 2015 20:22:11  login_window.py[line:29] INFO Initializing login interface.
Mon, 04 May 2015 20:22:11  login_window.py[line:136] INFO Getting saved account info.
Mon, 04 May 2015 20:25:29  login_window.py[line:29] INFO Initializing login interface.
Mon, 04 May 2015 20:25:29  login_window.py[line:135] INFO Getting saved account info.
Mon, 04 May 2015 20:25:58  login_window.py[line:29] INFO Initializing login interface.
Mon, 04 May 2015 20:25:58  login_window.py[line:136] INFO Getting saved account info.
Mon, 04 May 2015 20:26:42  login_window.py[line:29] INFO Initializing login interface.
Mon, 04 May 2015 20:26:42  login_window.py[line:137] INFO Getting saved account info.
Mon, 04 May 2015 20:26:51  login_window.py[line:29] INFO Initializing login interface.
Mon, 04 May 2015 20:26:51  login_window.py[line:137] INFO Getting saved account info.
Mon, 04 May 2015 20:28:02  login_window.py[line:29] INFO Initializing login interface.
Mon, 04 May 2015 20:28:02  login_window.py[line:137] INFO Getting saved account info.
Mon, 04 May 2015 20:31:47  login_window.py[line:29] INFO Initializing login interface.
Mon, 04 May 2015 20:31:47  login_window.py[line:139] INFO Getting saved account info.
Mon, 04 May 2015 20:34:56  login_window.py[line:29] INFO Initializing login interface.
Mon, 04 May 2015 20:34:56  login_window.py[line:132] INFO Getting saved account info.
Mon, 04 May 2015 20:35:55  login_window.py[line:29] INFO Initializing login interface.
Mon, 04 May 2015 20:35:55  login_window.py[line:135] INFO Getting saved account info.
Mon, 04 May 2015 20:36:11  login_window.py[line:29] INFO Initializing login interface.
Mon, 04 May 2015 20:36:11  login_window.py[line:133] INFO Getting saved account info.
Mon, 04 May 2015 20:41:44  login_window.py[line:29] INFO Initializing login interface.
Mon, 04 May 2015 20:41:44  login_window.py[line:129] INFO Getting saved account info.
Mon, 04 May 2015 20:42:25  login_window.py[line:29] INFO Initializing login interface.
Mon, 04 May 2015 20:42:25  login_window.py[line:129] INFO Getting saved account info.
Mon, 04 May 2015 20:42:45  login_window.py[line:29] INFO Initializing login interface.
Mon, 04 May 2015 20:42:45  login_window.py[line:129] INFO Getting saved account info.
Mon, 04 May 2015 20:43:45  login_window.py[line:29] INFO Initializing login interface.
Mon, 04 May 2015 20:43:45  login_window.py[line:130] INFO Getting saved account info.
Mon, 04 May 2015 20:44:10  login_window.py[line:29] INFO Initializing login interface.
Mon, 04 May 2015 20:44:10  login_window.py[line:130] INFO Getting saved account info.
Mon, 04 May 2015 20:44:20  login_window.py[line:29] INFO Initializing login interface.
Mon, 04 May 2015 20:44:20  login_window.py[line:130] INFO Getting saved account info.
Mon, 04 May 2015 20:44:49  login_window.py[line:29] INFO Initializing login interface.
Mon, 04 May 2015 20:44:49  login_window.py[line:130] INFO Getting saved account info.
Mon, 04 May 2015 20:45:36  login_window.py[line:29] INFO Initializing login interface.
Mon, 04 May 2015 20:45:36  login_window.py[line:130] INFO Getting saved account info.
Mon, 04 May 2015 20:45:50  login_window.py[line:29] INFO Initializing login interface.
Mon, 04 May 2015 20:45:50  login_window.py[line:130] INFO Getting saved account info.
Mon, 04 May 2015 20:47:13  login_window.py[line:29] INFO Initializing login interface.
Mon, 04 May 2015 20:47:13  login_window.py[line:130] INFO Getting saved account info.
Mon, 04 May 2015 20:47:35  login_window.py[line:29] INFO Initializing login interface.
Mon, 04 May 2015 20:47:35  login_window.py[line:130] INFO Getting saved account info.
Mon, 04 May 2015 20:50:42  login_window.py[line:29] INFO Initializing login interface.
Mon, 04 May 2015 20:50:42  login_window.py[line:131] INFO Getting saved account info.
Mon, 04 May 2015 20:52:28  login_window.py[line:29] INFO Initializing login interface.
Mon, 04 May 2015 20:52:28  login_window.py[line:133] INFO Getting saved account info.
Mon, 04 May 2015 20:54:28  login_window.py[line:29] INFO Initializing login interface.
Mon, 04 May 2015 20:54:28  login_window.py[line:134] INFO Getting saved account info.
Mon, 04 May 2015 20:54:57  login_window.py[line:29] INFO Initializing login interface.
Mon, 04 May 2015 20:54:57  login_window.py[line:134] INFO Getting saved account info.
Mon, 04 May 2015 20:55:25  login_window.py[line:29] INFO Initializing login interface.
Mon, 04 May 2015 20:55:25  login_window.py[line:134] INFO Getting saved account info.
Mon, 04 May 2015 20:55:34  login_window.py[line:159] INFO Saving new account information.
Mon, 04 May 2015 20:57:29  login_window.py[line:29] INFO Initializing login interface.
Mon, 04 May 2015 20:57:29  login_window.py[line:136] INFO Getting saved account info.
Mon, 04 May 2015 20:57:38  login_window.py[line:161] INFO Saving new account information.
Tue, 05 May 2015 12:46:56  test.py[line:29] INFO Initializing login interface.
Tue, 05 May 2015 12:46:56  test.py[line:136] INFO Getting saved account info.
Tue, 05 May 2015 12:47:07  test.py[line:161] INFO Saving new account information.
Tue, 05 May 2015 12:47:08  test.py[line:161] INFO Saving new account information.
Tue, 05 May 2015 12:47:08  test.py[line:161] INFO Saving new account information.
Tue, 05 May 2015 12:47:22  test.py[line:29] INFO Initializing login interface.
Tue, 05 May 2015 12:47:22  test.py[line:136] INFO Getting saved account info.
Tue, 05 May 2015 12:47:42  test.py[line:29] INFO Initializing login interface.
Tue, 05 May 2015 12:47:42  test.py[line:136] INFO Getting saved account info.
Tue, 05 May 2015 12:47:45  test.py[line:161] INFO Saving new account information.
Tue, 05 May 2015 12:47:52  test.py[line:29] INFO Initializing login interface.
Tue, 05 May 2015 12:47:52  test.py[line:136] INFO Getting saved account info.
